15:08:40.797 [main] INFO  computerTheme.Laptop - system in your laptop will reboot after 6 minute and 15 second
15:08:40.800 [main] INFO  computerTheme.Laptop - system in your laptop will reboot after 6 minute and 15 second
15:08:40.800 [main] INFO  computerTheme.Laptop - system in your laptop will reboot after 6 minute and 15 second
15:08:40.800 [main] INFO  computerTheme.Laptop - system in your laptop will reboot after 6 minute and 15 second
15:08:40.800 [main] INFO  computerTheme.Laptop - system in your laptop will reboot after 6 minute and 15 second
15:09:33.180 [main] INFO  computerTheme.Laptop - system in your laptop will reboot after 6 minute and 15 second
15:09:33.184 [main] INFO  computerTheme.Laptop - system in your laptop will reboot after 6 minute and 15 second
15:09:33.185 [main] INFO  computerTheme.Laptop - system in your laptop will reboot after 6 minute and 15 second
15:09:33.185 [main] INFO  computerTheme.Laptop - system in your laptop will reboot after 6 minute and 15 second
15:09:33.186 [main] INFO  computerTheme.Laptop - system in your laptop will reboot after 6 minute and 15 second
15:09:33.186 [main] INFO  computerTheme.Laptop - system in your laptop will reboot after 6 minute and 15 second
15:09:33.186 [main] INFO  computerTheme.Laptop - system in your laptop will reboot after 6 minute and 15 second
15:09:33.186 [main] INFO  computerTheme.Laptop - system in your laptop will reboot after 6 minute and 15 second
15:09:33.187 [main] INFO  computerTheme.Laptop - system in your laptop will reboot after 6 minute and 15 second
15:09:33.187 [main] INFO  computerTheme.Laptop - system in your laptop will reboot after 6 minute and 15 second
15:09:33.187 [main] INFO  computerTheme.Laptop - system in your laptop will reboot after 6 minute and 15 second
15:09:33.187 [main] INFO  computerTheme.Laptop - system in your laptop will reboot after 6 minute and 15 second
15:09:33.188 [main] INFO  computerTheme.Laptop - system in your laptop will reboot after 6 minute and 15 second
15:09:33.188 [main] INFO  computerTheme.Laptop - system in your laptop will reboot after 6 minute and 15 second
15:09:33.188 [main] INFO  computerTheme.Laptop - system in your laptop will reboot after 6 minute and 15 second
15:09:33.188 [main] INFO  computerTheme.Laptop - system in your laptop will reboot after 6 minute and 15 second
15:09:33.189 [main] INFO  computerTheme.Laptop - system in your laptop will reboot after 6 minute and 15 second
15:09:33.189 [main] INFO  computerTheme.Laptop - system in your laptop will reboot after 6 minute and 15 second
15:09:33.189 [main] INFO  computerTheme.Laptop - system in your laptop will reboot after 6 minute and 15 second
15:09:33.189 [main] INFO  computerTheme.Laptop - system in your laptop will reboot after 6 minute and 15 second
15:09:33.189 [main] INFO  computerTheme.Laptop - system in your laptop will reboot after 6 minute and 15 second
15:09:33.189 [main] INFO  computerTheme.Laptop - system in your laptop will reboot after 6 minute and 15 second
15:09:33.189 [main] INFO  computerTheme.Laptop - system in your laptop will reboot after 6 minute and 15 second
15:09:33.189 [main] INFO  computerTheme.Laptop - system in your laptop will reboot after 6 minute and 15 second
15:09:33.190 [main] INFO  computerTheme.Laptop - system in your laptop will reboot after 6 minute and 15 second
15:09:33.190 [main] INFO  computerTheme.Laptop - system in your laptop will reboot after 6 minute and 15 second
15:09:33.190 [main] INFO  computerTheme.Laptop - system in your laptop will reboot after 6 minute and 15 second
15:09:33.190 [main] INFO  computerTheme.Laptop - system in your laptop will reboot after 6 minute and 15 second
15:09:33.190 [main] INFO  computerTheme.Laptop - system in your laptop will reboot after 6 minute and 15 second
15:09:33.191 [main] INFO  computerTheme.Laptop - system in your laptop will reboot after 6 minute and 15 second
15:09:33.191 [main] INFO  computerTheme.Laptop - system in your laptop will reboot after 6 minute and 15 second
15:09:33.191 [main] INFO  computerTheme.Laptop - system in your laptop will reboot after 6 minute and 15 second
15:09:33.191 [main] INFO  computerTheme.Laptop - system in your laptop will reboot after 6 minute and 15 second
15:09:33.192 [main] INFO  computerTheme.Laptop - system in your laptop will reboot after 6 minute and 15 second
15:09:33.192 [main] INFO  computerTheme.Laptop - system in your laptop will reboot after 6 minute and 15 second
15:09:33.192 [main] INFO  computerTheme.Laptop - system in your laptop will reboot after 6 minute and 15 second
15:09:33.192 [main] INFO  computerTheme.Laptop - system in your laptop will reboot after 6 minute and 15 second
15:09:33.192 [main] INFO  computerTheme.Laptop - system in your laptop will reboot after 6 minute and 15 second
15:09:33.193 [main] INFO  computerTheme.Laptop - system in your laptop will reboot after 6 minute and 15 second
15:09:33.193 [main] INFO  computerTheme.Laptop - system in your laptop will reboot after 6 minute and 15 second
15:09:33.193 [main] INFO  computerTheme.Laptop - system in your laptop will reboot after 6 minute and 15 second
15:09:33.193 [main] INFO  computerTheme.Laptop - system in your laptop will reboot after 6 minute and 15 second
15:09:33.193 [main] INFO  computerTheme.Laptop - system in your laptop will reboot after 6 minute and 15 second
15:09:33.194 [main] INFO  computerTheme.Laptop - system in your laptop will reboot after 6 minute and 15 second
15:09:33.194 [main] INFO  computerTheme.Laptop - system in your laptop will reboot after 6 minute and 15 second
15:09:33.194 [main] INFO  computerTheme.Laptop - system in your laptop will reboot after 6 minute and 15 second
15:09:33.194 [main] INFO  computerTheme.Laptop - system in your laptop will reboot after 6 minute and 15 second
15:09:33.195 [main] INFO  computerTheme.Laptop - system in your laptop will reboot after 6 minute and 15 second
15:09:33.195 [main] INFO  computerTheme.Laptop - system in your laptop will reboot after 6 minute and 15 second
15:09:33.195 [main] INFO  computerTheme.Laptop - system in your laptop will reboot after 6 minute and 15 second
15:09:33.196 [main] INFO  computerTheme.Laptop - system in your laptop will reboot after 6 minute and 15 second
15:09:33.196 [main] INFO  computerTheme.Laptop - system in your laptop will reboot after 6 minute and 15 second
15:09:33.196 [main] INFO  computerTheme.Laptop - system in your laptop will reboot after 6 minute and 15 second
15:09:33.196 [main] INFO  computerTheme.Laptop - system in your laptop will reboot after 6 minute and 15 second
15:09:33.197 [main] INFO  computerTheme.Laptop - system in your laptop will reboot after 6 minute and 15 second
15:09:33.197 [main] INFO  computerTheme.Laptop - system in your laptop will reboot after 6 minute and 15 second
15:09:33.197 [main] INFO  computerTheme.Laptop - system in your laptop will reboot after 6 minute and 15 second
15:09:33.197 [main] INFO  computerTheme.Laptop - system in your laptop will reboot after 6 minute and 15 second
15:09:33.197 [main] INFO  computerTheme.Laptop - system in your laptop will reboot after 6 minute and 15 second
15:09:33.197 [main] INFO  computerTheme.Laptop - system in your laptop will reboot after 6 minute and 15 second
15:09:33.198 [main] INFO  computerTheme.Laptop - system in your laptop will reboot after 6 minute and 15 second
15:09:33.198 [main] INFO  computerTheme.Laptop - system in your laptop will reboot after 6 minute and 15 second
15:09:33.198 [main] INFO  computerTheme.Laptop - system in your laptop will reboot after 6 minute and 15 second
15:09:33.198 [main] INFO  computerTheme.Laptop - system in your laptop will reboot after 6 minute and 15 second
15:09:33.199 [main] INFO  computerTheme.Laptop - system in your laptop will reboot after 6 minute and 15 second
15:09:33.200 [main] INFO  computerTheme.Laptop - system in your laptop will reboot after 6 minute and 15 second
15:09:33.200 [main] INFO  computerTheme.Laptop - system in your laptop will reboot after 6 minute and 15 second
15:09:33.200 [main] INFO  computerTheme.Laptop - system in your laptop will reboot after 6 minute and 15 second
15:09:33.200 [main] INFO  computerTheme.Laptop - system in your laptop will reboot after 6 minute and 15 second
15:09:33.200 [main] INFO  computerTheme.Laptop - system in your laptop will reboot after 6 minute and 15 second
15:09:33.200 [main] INFO  computerTheme.Laptop - system in your laptop will reboot after 6 minute and 15 second
15:09:33.201 [main] INFO  computerTheme.Laptop - system in your laptop will reboot after 6 minute and 15 second
15:09:33.201 [main] INFO  computerTheme.Laptop - system in your laptop will reboot after 6 minute and 15 second
15:09:33.201 [main] INFO  computerTheme.Laptop - system in your laptop will reboot after 6 minute and 15 second
15:09:33.201 [main] INFO  computerTheme.Laptop - system in your laptop will reboot after 6 minute and 15 second
15:09:33.201 [main] INFO  computerTheme.Laptop - system in your laptop will reboot after 6 minute and 15 second
15:09:33.201 [main] INFO  computerTheme.Laptop - system in your laptop will reboot after 6 minute and 15 second
15:09:33.201 [main] INFO  computerTheme.Laptop - system in your laptop will reboot after 6 minute and 15 second
15:09:33.201 [main] INFO  computerTheme.Laptop - system in your laptop will reboot after 6 minute and 15 second
15:09:33.201 [main] INFO  computerTheme.Laptop - system in your laptop will reboot after 6 minute and 15 second
15:09:33.202 [main] INFO  computerTheme.Laptop - system in your laptop will reboot after 6 minute and 15 second
15:09:33.202 [main] INFO  computerTheme.Laptop - system in your laptop will reboot after 6 minute and 15 second
15:09:33.202 [main] INFO  computerTheme.Laptop - system in your laptop will reboot after 6 minute and 15 second
15:09:33.202 [main] INFO  computerTheme.Laptop - system in your laptop will reboot after 6 minute and 15 second
15:09:33.202 [main] INFO  computerTheme.Laptop - system in your laptop will reboot after 6 minute and 15 second
15:09:33.202 [main] INFO  computerTheme.Laptop - system in your laptop will reboot after 6 minute and 15 second
15:09:33.202 [main] INFO  computerTheme.Laptop - system in your laptop will reboot after 6 minute and 15 second
15:09:33.202 [main] INFO  computerTheme.Laptop - system in your laptop will reboot after 6 minute and 15 second
15:09:33.202 [main] INFO  computerTheme.Laptop - system in your laptop will reboot after 6 minute and 15 second
15:09:33.203 [main] INFO  computerTheme.Laptop - system in your laptop will reboot after 6 minute and 15 second
15:41:40.941 [main] INFO  computerTheme.Laptop - system in your laptop will reboot after 6 minute and 15 second
15:41:51.606 [main] INFO  computerTheme.PC - system is not powering off . pc won't go off
15:42:24.823 [main] INFO  computerTheme.Laptop - system in your laptop will reboot after 6 minute and 15 second
15:42:27.059 [main] INFO  computerTheme.PC - system is not powering off . pc won't go off
15:43:09.513 [main] INFO  computerTheme.Laptop - system in your laptop will reboot after 6 minute and 15 second
15:43:11.599 [main] INFO  computerTheme.PC - system is not powering off . pc won't go off
15:43:31.892 [main] INFO  computerTheme.Laptop - system in your laptop will reboot after 6 minute and 15 second
15:43:40.018 [main] INFO  computerTheme.Laptop - system in your laptop will reboot after 6 minute and 15 second
15:44:32.922 [main] INFO  computerTheme.PC - system is not powering off . pc won't go off
15:45:27.341 [main] INFO  computerTheme.Laptop - system in your laptop will reboot after 6 minute and 15 second
15:45:30.592 [main] INFO  computerTheme.PC - system is not powering off . pc won't go off
15:45:52.583 [main] INFO  computerTheme.Laptop - system in your laptop will reboot after 6 minute and 15 second
15:45:55.580 [main] INFO  computerTheme.PC - system is not powering off . pc won't go off
15:49:43.407 [main] INFO  computerTheme.Laptop - system in your laptop will reboot after 6 minute and 15 second
15:51:28.105 [main] INFO  computerTheme.Laptop - system in your laptop will reboot after 6 minute and 15 second
15:52:09.316 [main] INFO  computerTheme.Laptop - system in your laptop will reboot after 6 minute and 15 second
15:52:11.090 [main] ERROR computerTheme.PC - invalid input
15:54:34.980 [main] INFO  computerTheme.Laptop - system in your laptop will reboot after 6 minute and 15 second
15:54:37.529 [main] ERROR computerTheme.PC - invalid input
15:54:57.855 [main] INFO  computerTheme.Laptop - system in your laptop will reboot after 6 minute and 15 second
16:01:55.168 [main] INFO  computerTheme.Laptop - system in your laptop will reboot after 6 minute and 15 second
16:01:59.881 [main] ERROR computerTheme.PC - invalid input
16:03:50.500 [main] INFO  computerTheme.Laptop - system in your laptop will reboot after 6 minute and 15 second
16:03:53.996 [main] ERROR computerTheme.PC - invalid input
16:04:00.421 [main] INFO  computerTheme.Laptop - system in your laptop will reboot after 6 minute and 15 second
16:04:04.327 [main] ERROR computerTheme.PC - invalid input
16:04:15.053 [main] INFO  computerTheme.Laptop - system in your laptop will reboot after 6 minute and 15 second
16:05:19.880 [main] INFO  computerTheme.Laptop - system in your laptop will reboot after 6 minute and 15 second
16:05:22.451 [main] ERROR computerTheme.PC - invalid input
16:05:30.413 [main] INFO  computerTheme.Laptop - system in your laptop will reboot after 6 minute and 15 second
17:02:09.174 [main] ERROR computerTheme.PC - invalid input
11:11:14.913 [main] ERROR computerTheme.PC - invalid input
11:12:23.071 [main] INFO  computerTheme.Laptop - system in your laptop will reboot after 6 minute and 15 second
11:13:39.606 [main] INFO  computerTheme.Laptop - system in your laptop will reboot after 6 minute and 15 second
20:09:03.242 [main] INFO  computerTheme.Laptop - system in your laptop will reboot after 6 minute and 15 second
20:09:06.089 [main] ERROR computerTheme.PC - invalid input
20:45:50.699 [main] INFO  computerTheme.Laptop - system in your laptop will reboot after 6 minute and 15 second
13:04:19.487 [main] INFO  computerTheme.Laptop - system in your laptop will reboot after 6 minute and 15 second
15:38:12.465 [main] INFO  computerTheme.Laptop - system in your laptop will reboot after 6 minute and 15 second
15:38:23.171 [main] INFO  computerTheme.Laptop - system in your laptop will reboot after 6 minute and 15 second
14:20:51.908 [main] INFO  collections.Main - Display lowercase text: this is my example in this example there is myltiple words 
14:20:51.910 [main] INFO  collections.Main - {in=1, myltiple=1, there=1, this=2, words=1, is=2, my=1, example=2}.
14:20:51.911 [main] INFO  collections.Main - words: [in, myltiple, there, this, words, is, my, example].
14:20:51.911 [main] INFO  collections.Main - number of unique words: 8.
14:23:36.380 [main] INFO  collections.Main - Display lowercase text: this is my example in this example there is myltiple words in in in in
14:23:36.382 [main] INFO  collections.Main - {in=5, myltiple=1, there=1, this=2, words=1, is=2, my=1, example=2}.
14:23:36.382 [main] INFO  collections.Main - words: [in, myltiple, there, this, words, is, my, example].
14:23:36.382 [main] INFO  collections.Main - number of unique words: 8.
14:24:00.730 [main] INFO  collections.Main - Display lowercase text: this is my example in this example there is myltiple words in in in in
14:24:00.732 [main] INFO  collections.Main - {in=5, myltiple=1, there=1, this=2, words=1, is=2, my=1, example=2}.
11:29:21.166 [main] INFO  collections.Main - Display lowercase text: this is my example in this example there is myltiple words in in in in
11:29:21.172 [main] INFO  collections.Main - {in=5, myltiple=1, there=1, this=2, words=1, is=2, my=1, example=2}.
11:29:22.534 [main] INFO  collections.Main - Display lowercase text: this is my example in this example there is myltiple words in in in in
11:29:22.537 [main] INFO  collections.Main - {in=5, myltiple=1, there=1, this=2, words=1, is=2, my=1, example=2}.
18:46:55.034 [main] INFO  computerTheme.Laptop - system in your laptop will reboot after 6 minute and 15 second
18:49:02.461 [main] INFO  computerTheme.Laptop - system in your laptop will reboot after 6 minute and 15 second
20:06:40.855 [main] INFO  collections.Main - Display lowercase text: this is my example in this example there is myltiple words in in in in
20:06:40.858 [main] INFO  collections.Main - {in=5, myltiple=1, there=1, this=2, words=1, is=2, my=1, example=2}.
20:10:51.095 [main] INFO  collections.Main - Display lowercase text: this is my example in this example there is myltiple words in in in in
20:10:51.097 [main] INFO  collections.Main - {in=5, myltiple=1, there=1, this=2, words=1, is=2, my=1, example=2}.
20:10:51.097 [main] INFO  collections.Main - words: [in, myltiple, there, this, words, is, my, example].
20:10:51.098 [main] INFO  collections.Main - number of unique words: 8.
11:58:42.162 [main] INFO  streams.Main - Lela
11:58:42.167 [main] INFO  streams.Main - Irakli
11:58:42.167 [main] INFO  streams.Main - Shio
12:01:16.534 [main] INFO  streams.Main - Lela
12:01:16.538 [main] INFO  streams.Main - Irakli
12:01:16.538 [main] INFO  streams.Main - Shio
12:01:16.539 [main] INFO  streams.Main - Lela
12:01:16.540 [main] INFO  streams.Main - Irakli
12:01:16.540 [main] INFO  streams.Main - Shio
12:04:02.420 [main] INFO  streams.Main - Lela
12:04:02.424 [main] INFO  streams.Main - Irakli
12:04:02.424 [main] INFO  streams.Main - Shio
12:04:02.435 [main] INFO  streams.Main - Lela
12:04:02.435 [main] INFO  streams.Main - Irakli
12:04:02.435 [main] INFO  streams.Main - Shio
12:25:43.352 [main] INFO  streams.Main - Lela
12:25:43.356 [main] INFO  streams.Main - Irakli
12:25:43.356 [main] INFO  streams.Main - Shio
12:25:43.358 [main] INFO  streams.Main - Lela
12:25:43.359 [main] INFO  streams.Main - Irakli
12:25:43.359 [main] INFO  streams.Main - Shio
12:25:43.360 [main] INFO  streams.Main - Irakli
12:25:43.361 [main] INFO  streams.Main - Shio
13:27:15.170 [main] INFO  streams.Main - Lela
13:27:15.172 [main] INFO  streams.Main - Irakli
13:27:15.173 [main] INFO  streams.Main - Shio
13:27:15.173 [main] INFO  streams.Main - Lela
13:27:15.173 [main] INFO  streams.Main - Irakli
13:27:15.173 [main] INFO  streams.Main - Shio
13:27:15.174 [main] INFO  streams.Main - Lela
13:27:22.353 [main] INFO  streams.Main - Lela
13:27:22.355 [main] INFO  streams.Main - Irakli
13:27:22.356 [main] INFO  streams.Main - Shio
13:27:22.356 [main] INFO  streams.Main - Lela
13:27:22.356 [main] INFO  streams.Main - Irakli
13:27:22.356 [main] INFO  streams.Main - Shio
13:27:22.357 [main] INFO  streams.Main - Irakli
13:27:22.357 [main] INFO  streams.Main - Shio
13:57:37.521 [main] INFO  streams.Main - Lela
13:57:37.524 [main] INFO  streams.Main - Irakli
13:57:37.524 [main] INFO  streams.Main - Shio
13:57:37.524 [main] INFO  streams.Main - Lela
13:57:37.525 [main] INFO  streams.Main - Irakli
13:57:37.525 [main] INFO  streams.Main - Shio
13:57:37.525 [main] INFO  streams.Main - Irakli
13:57:37.526 [main] INFO  streams.Main - Shio
13:59:00.708 [main] INFO  streams.Main - Lela
13:59:00.710 [main] INFO  streams.Main - Irakli
13:59:00.711 [main] INFO  streams.Main - Shio
13:59:00.711 [main] INFO  streams.Main - Lela
13:59:00.712 [main] INFO  streams.Main - Irakli
13:59:00.712 [main] INFO  streams.Main - Shio
13:59:00.712 [main] INFO  streams.Main - Irakli
13:59:00.713 [main] INFO  streams.Main - Shio
14:00:03.008 [main] INFO  streams.Main - Lela
14:00:03.010 [main] INFO  streams.Main - Irakli
14:00:03.010 [main] INFO  streams.Main - Shio
14:00:03.011 [main] INFO  streams.Main - Lela
14:00:03.011 [main] INFO  streams.Main - Irakli
14:00:03.011 [main] INFO  streams.Main - Shio
14:00:03.012 [main] INFO  streams.Main - Irakli
14:00:03.012 [main] INFO  streams.Main - Shio
14:00:03.013 [main] INFO  streams.Main - 72
18:38:33.724 [main] INFO  streams.Main - Lela
18:38:33.728 [main] INFO  streams.Main - Irakli
18:38:33.728 [main] INFO  streams.Main - Shio
18:38:33.729 [main] INFO  streams.Main - Lela
18:38:33.729 [main] INFO  streams.Main - Irakli
18:38:33.729 [main] INFO  streams.Main - Shio
18:38:33.730 [main] INFO  streams.Main - Irakli
18:38:33.731 [main] INFO  streams.Main - Shio
18:38:33.732 [main] INFO  streams.Main - 24
18:38:33.733 [main] INFO  streams.Main - 26
18:38:33.734 [main] INFO  streams.Main - 72
18:58:53.913 [main] INFO  streams.Main - Lela
18:58:53.918 [main] INFO  streams.Main - Irakli
18:58:53.918 [main] INFO  streams.Main - Shio
18:58:53.920 [main] INFO  streams.Main - Lela
18:58:53.921 [main] INFO  streams.Main - Irakli
18:58:53.921 [main] INFO  streams.Main - Shio
18:58:53.924 [main] INFO  streams.Main - Irakli
18:58:53.924 [main] INFO  streams.Main - Shio
18:58:53.928 [main] INFO  streams.Main - 24
18:58:53.929 [main] INFO  streams.Main - 26
18:58:53.935 [main] INFO  streams.Main - 72
19:17:29.266 [main] INFO  streams.Main - Lela
19:17:29.272 [main] INFO  streams.Main - Irakli
19:17:29.272 [main] INFO  streams.Main - Shio
19:17:29.273 [main] INFO  streams.Main - Lela
19:17:29.274 [main] INFO  streams.Main - Irakli
19:17:29.275 [main] INFO  streams.Main - Shio
19:17:29.277 [main] INFO  streams.Main - Irakli
19:17:29.278 [main] INFO  streams.Main - Shio
19:17:29.281 [main] INFO  streams.Main - 24
19:17:29.281 [main] INFO  streams.Main - 26
19:17:29.282 [main] INFO  streams.Main - [LELA, IRAKLI, SHIO]
19:17:29.284 [main] INFO  streams.Main - [15, 24, 27, 9, 21, 15]
19:17:29.288 [main] INFO  streams.Main - 72
19:18:00.413 [main] INFO  streams.Main - Lela
19:18:00.417 [main] INFO  streams.Main - Irakli
19:18:00.418 [main] INFO  streams.Main - Shio
19:18:00.419 [main] INFO  streams.Main - Lela
19:18:00.420 [main] INFO  streams.Main - Irakli
19:18:00.420 [main] INFO  streams.Main - Shio
19:18:00.421 [main] INFO  streams.Main - Irakli
19:18:00.421 [main] INFO  streams.Main - Shio
19:18:00.423 [main] INFO  streams.Main - 24
19:18:00.423 [main] INFO  streams.Main - 26
19:18:00.424 [main] INFO  streams.Main - [LELA, IRAKLI, SHIO]
19:18:00.425 [main] INFO  streams.Main - [15, 24, 27, 9, 21, 15]
19:18:00.428 [main] INFO  streams.Main - 72
19:28:00.009 [main] INFO  streams.Main - Lela
19:28:00.015 [main] INFO  streams.Main - Irakli
19:28:00.016 [main] INFO  streams.Main - Shio
19:28:00.018 [main] INFO  streams.Main - Lela
19:28:00.019 [main] INFO  streams.Main - Irakli
19:28:00.020 [main] INFO  streams.Main - Shio
19:28:00.022 [main] INFO  streams.Main - Irakli
19:28:00.023 [main] INFO  streams.Main - Shio
19:28:00.026 [main] INFO  streams.Main - 24
19:28:00.027 [main] INFO  streams.Main - 26
19:28:00.030 [main] INFO  streams.Main - [LELA, IRAKLI]
19:28:00.032 [main] INFO  streams.Main - [15, 24, 27, 9, 21, 15]
19:28:00.035 [main] INFO  streams.Main - 72
19:30:12.842 [main] INFO  streams.Main - Lela
19:30:12.846 [main] INFO  streams.Main - Irakli
19:30:12.846 [main] INFO  streams.Main - Shio
19:30:12.848 [main] INFO  streams.Main - Lela
19:30:12.848 [main] INFO  streams.Main - Irakli
19:30:12.848 [main] INFO  streams.Main - Shio
19:30:12.850 [main] INFO  streams.Main - Irakli
19:30:12.850 [main] INFO  streams.Main - Shio
19:30:12.851 [main] INFO  streams.Main - 24
19:30:12.852 [main] INFO  streams.Main - 26
19:30:12.853 [main] INFO  streams.Main - [LELA, IRAKLI]
19:30:12.854 [main] INFO  streams.Main - [15, 24, 27, 9, 21, 15]
19:30:12.857 [main] INFO  streams.Main - 72
20:05:17.186 [main] INFO  streams.Main - Lela
20:05:17.190 [main] INFO  streams.Main - Irakli
20:05:17.191 [main] INFO  streams.Main - Shio
20:05:17.193 [main] INFO  streams.Main - Lela
20:05:17.194 [main] INFO  streams.Main - Irakli
20:05:17.194 [main] INFO  streams.Main - Shio
20:05:17.196 [main] INFO  streams.Main - Irakli
20:05:17.197 [main] INFO  streams.Main - Shio
20:05:17.200 [main] INFO  streams.Main - 24
20:05:17.201 [main] INFO  streams.Main - 26
20:05:17.203 [main] INFO  streams.Main - [LELA, IRAKLI]
20:05:17.204 [main] INFO  streams.Main - [15, 24, 27, 9, 21, 15]
20:05:17.206 [main] INFO  streams.Main - [1, 2, 3, 4, 5, 7, 1, 3, 9, 2, 2, 8]
20:05:17.209 [main] INFO  streams.Main - 72
20:06:34.182 [main] INFO  streams.Main - Lela
20:06:34.186 [main] INFO  streams.Main - Irakli
20:06:34.187 [main] INFO  streams.Main - Shio
20:06:34.188 [main] INFO  streams.Main - Lela
20:06:34.188 [main] INFO  streams.Main - Irakli
20:06:34.188 [main] INFO  streams.Main - Shio
20:06:34.190 [main] INFO  streams.Main - Irakli
20:06:34.190 [main] INFO  streams.Main - Shio
20:06:34.192 [main] INFO  streams.Main - 24
20:06:34.192 [main] INFO  streams.Main - 26
20:06:34.193 [main] INFO  streams.Main - [LELA, IRAKLI]
20:06:34.193 [main] INFO  streams.Main - [15, 24, 27, 9, 21, 15]
20:06:34.196 [main] INFO  streams.Main - [1, 2, 3, 4, 5, 1, 3, 2, 2]
20:06:34.198 [main] INFO  streams.Main - 72
20:40:48.291 [main] INFO  streams.Main - Lela
20:40:48.295 [main] INFO  streams.Main - Irakli
20:40:48.296 [main] INFO  streams.Main - Shio
20:40:48.297 [main] INFO  streams.Main - Lela
20:40:48.297 [main] INFO  streams.Main - Irakli
20:40:48.297 [main] INFO  streams.Main - Shio
20:40:48.298 [main] INFO  streams.Main - Irakli
20:40:48.299 [main] INFO  streams.Main - Shio
20:40:48.300 [main] INFO  streams.Main - 24
20:40:48.301 [main] INFO  streams.Main - 26
20:40:48.302 [main] INFO  streams.Main - [LELA, IRAKLI]
20:40:48.303 [main] INFO  streams.Main - [15, 24, 27, 9, 21, 15]
20:40:48.305 [main] INFO  streams.Main - [1, 2, 3, 4, 5, 1, 3, 2, 2]
20:40:48.307 [main] INFO  streams.Main - 1
20:40:48.307 [main] INFO  streams.Main - 8
20:40:48.307 [main] INFO  streams.Main - 6
20:40:48.308 [main] INFO  streams.Main - 4
20:40:48.308 [main] INFO  streams.Main - 9
20:40:48.308 [main] INFO  streams.Main - 2
20:40:48.308 [main] INFO  streams.Main - 7
20:40:48.308 [main] INFO  streams.Main - 3
20:40:48.309 [main] INFO  streams.Main - 5
20:40:48.311 [main] INFO  streams.Main - 72
20:41:34.144 [main] INFO  streams.Main - Lela
20:41:34.147 [main] INFO  streams.Main - Irakli
20:41:34.148 [main] INFO  streams.Main - Shio
20:41:34.149 [main] INFO  streams.Main - Lela
20:41:34.149 [main] INFO  streams.Main - Irakli
20:41:34.149 [main] INFO  streams.Main - Shio
20:41:34.151 [main] INFO  streams.Main - Irakli
20:41:34.151 [main] INFO  streams.Main - Shio
20:41:34.153 [main] INFO  streams.Main - 24
20:41:34.154 [main] INFO  streams.Main - 26
20:41:34.155 [main] INFO  streams.Main - [LELA, IRAKLI]
20:41:34.156 [main] INFO  streams.Main - [15, 24, 27, 9, 21, 15]
20:41:34.158 [main] INFO  streams.Main - [1, 2, 3, 4, 5, 1, 3, 2, 2]
20:41:34.159 [main] INFO  streams.Main - 1
20:41:34.159 [main] INFO  streams.Main - 8
20:41:34.160 [main] INFO  streams.Main - 6
20:41:34.160 [main] INFO  streams.Main - 4
20:41:34.160 [main] INFO  streams.Main - 9
20:41:34.160 [main] INFO  streams.Main - 2
20:41:34.161 [main] INFO  streams.Main - 7
20:41:34.161 [main] INFO  streams.Main - 3
20:41:34.161 [main] INFO  streams.Main - 5
20:41:34.163 [main] INFO  streams.Main - 72
21:08:54.395 [main] INFO  streams.Main - Lela
21:08:54.398 [main] INFO  streams.Main - Irakli
21:08:54.398 [main] INFO  streams.Main - Shio
21:08:54.399 [main] INFO  streams.Main - Lela
21:08:54.399 [main] INFO  streams.Main - Irakli
21:08:54.399 [main] INFO  streams.Main - Shio
21:08:54.400 [main] INFO  streams.Main - Irakli
21:08:54.400 [main] INFO  streams.Main - Shio
21:08:54.402 [main] INFO  streams.Main - 24
21:08:54.402 [main] INFO  streams.Main - 26
21:08:54.403 [main] INFO  streams.Main - [LELA, IRAKLI]
21:08:54.403 [main] INFO  streams.Main - [15, 24, 27, 9, 21, 15]
21:08:54.405 [main] INFO  streams.Main - [1, 2, 3, 4, 5, 1, 3, 2, 2]
21:08:54.407 [main] INFO  streams.Main - 1
21:08:54.407 [main] INFO  streams.Main - 8
21:08:54.407 [main] INFO  streams.Main - 6
21:08:54.407 [main] INFO  streams.Main - 4
21:08:54.408 [main] INFO  streams.Main - 9
21:08:54.408 [main] INFO  streams.Main - 2
21:08:54.408 [main] INFO  streams.Main - 7
21:08:54.408 [main] INFO  streams.Main - 3
21:08:54.408 [main] INFO  streams.Main - 5
21:08:54.409 [main] INFO  streams.Main - 9
21:08:54.410 [main] INFO  streams.Main - 72
21:12:44.284 [main] INFO  streams.Main - Lela
21:12:44.286 [main] INFO  streams.Main - Irakli
21:12:44.287 [main] INFO  streams.Main - Shio
21:12:44.288 [main] INFO  streams.Main - Lela
21:12:44.288 [main] INFO  streams.Main - Irakli
21:12:44.288 [main] INFO  streams.Main - Shio
21:12:44.289 [main] INFO  streams.Main - Irakli
21:12:44.289 [main] INFO  streams.Main - Shio
21:12:44.291 [main] INFO  streams.Main - 24
21:12:44.291 [main] INFO  streams.Main - 26
21:12:44.292 [main] INFO  streams.Main - [LELA, IRAKLI]
21:12:44.293 [main] INFO  streams.Main - [15, 24, 27, 9, 21, 15]
21:12:44.294 [main] INFO  streams.Main - [1, 2, 3, 4, 5, 1, 3, 2, 2]
21:12:44.295 [main] INFO  streams.Main - 1
21:12:44.296 [main] INFO  streams.Main - 8
21:12:44.296 [main] INFO  streams.Main - 6
21:12:44.296 [main] INFO  streams.Main - 4
21:12:44.296 [main] INFO  streams.Main - 9
21:12:44.296 [main] INFO  streams.Main - 2
21:12:44.296 [main] INFO  streams.Main - 7
21:12:44.297 [main] INFO  streams.Main - 3
21:12:44.297 [main] INFO  streams.Main - 5
21:12:44.297 [main] INFO  streams.Main - 9
21:12:44.298 [main] INFO  streams.Main - [1, 8, 6, 4]
21:12:44.300 [main] INFO  streams.Main - 72
21:19:58.422 [main] INFO  streams.Main - Lela
21:19:58.424 [main] INFO  streams.Main - Irakli
21:19:58.425 [main] INFO  streams.Main - Shio
21:19:58.426 [main] INFO  streams.Main - Lela
21:19:58.426 [main] INFO  streams.Main - Irakli
21:19:58.426 [main] INFO  streams.Main - Shio
21:19:58.427 [main] INFO  streams.Main - Irakli
21:19:58.427 [main] INFO  streams.Main - Shio
21:19:58.429 [main] INFO  streams.Main - 24
21:19:58.429 [main] INFO  streams.Main - 26
21:19:58.429 [main] INFO  streams.Main - [LELA, IRAKLI]
21:19:58.430 [main] INFO  streams.Main - [15, 24, 27, 9, 21, 15]
21:19:58.431 [main] INFO  streams.Main - [1, 2, 3, 4, 5, 1, 3, 2, 2]
21:19:58.433 [main] INFO  streams.Main - 1
21:19:58.433 [main] INFO  streams.Main - 8
21:19:58.433 [main] INFO  streams.Main - 6
21:19:58.433 [main] INFO  streams.Main - 4
21:19:58.433 [main] INFO  streams.Main - 9
21:19:58.434 [main] INFO  streams.Main - 2
21:19:58.434 [main] INFO  streams.Main - 7
21:19:58.434 [main] INFO  streams.Main - 3
21:19:58.434 [main] INFO  streams.Main - 5
21:19:58.435 [main] INFO  streams.Main - number of distinct elements in list 9
21:19:58.436 [main] INFO  streams.Main - Limited objects onside list [1, 8, 6, 4]
21:19:58.437 [main] INFO  streams.Main - 1
21:19:58.438 [main] INFO  streams.Main - 72
21:21:27.002 [main] INFO  streams.Main - Lela
21:21:27.004 [main] INFO  streams.Main - Irakli
21:21:27.005 [main] INFO  streams.Main - Shio
21:21:27.005 [main] INFO  streams.Main - Lela
21:21:27.006 [main] INFO  streams.Main - Irakli
21:21:27.006 [main] INFO  streams.Main - Shio
21:21:27.007 [main] INFO  streams.Main - Irakli
21:21:27.007 [main] INFO  streams.Main - Shio
21:21:27.008 [main] INFO  streams.Main - 24
21:21:27.009 [main] INFO  streams.Main - 26
21:21:27.010 [main] INFO  streams.Main - [LELA, IRAKLI]
21:21:27.010 [main] INFO  streams.Main - [15, 24, 27, 9, 21, 15]
21:21:27.012 [main] INFO  streams.Main - [1, 2, 3, 4, 5, 1, 3, 2, 2]
21:21:27.013 [main] INFO  streams.Main - 1
21:21:27.013 [main] INFO  streams.Main - 8
21:21:27.013 [main] INFO  streams.Main - 6
21:21:27.013 [main] INFO  streams.Main - 4
21:21:27.013 [main] INFO  streams.Main - 9
21:21:27.014 [main] INFO  streams.Main - 2
21:21:27.014 [main] INFO  streams.Main - 7
21:21:27.014 [main] INFO  streams.Main - 3
21:21:27.014 [main] INFO  streams.Main - 5
21:21:27.014 [main] INFO  streams.Main - number of distinct elements in list 9
21:21:27.015 [main] INFO  streams.Main - Limited objects onside list [1, 8, 6, 4]
21:21:27.016 [main] INFO  streams.Main - 1
21:21:27.017 [main] INFO  streams.Main - 9
21:21:27.019 [main] INFO  streams.Main - 72
21:32:44.489 [main] INFO  streams.Main - Lela
21:32:44.492 [main] INFO  streams.Main - Irakli
21:32:44.492 [main] INFO  streams.Main - Shio
21:32:44.493 [main] INFO  streams.Main - Lela
21:32:44.493 [main] INFO  streams.Main - Irakli
21:32:44.493 [main] INFO  streams.Main - Shio
21:32:44.494 [main] INFO  streams.Main - Irakli
21:32:44.494 [main] INFO  streams.Main - Shio
21:32:44.496 [main] INFO  streams.Main - 24
21:32:44.496 [main] INFO  streams.Main - 26
21:32:44.497 [main] INFO  streams.Main - [LELA, IRAKLI]
21:32:44.497 [main] INFO  streams.Main - [15, 24, 27, 9, 21, 15]
21:32:44.499 [main] INFO  streams.Main - [1, 2, 3, 4, 5, 1, 3, 2, 2]
21:32:44.500 [main] INFO  streams.Main - 1
21:32:44.500 [main] INFO  streams.Main - 8
21:32:44.500 [main] INFO  streams.Main - 6
21:32:44.500 [main] INFO  streams.Main - 4
21:32:44.500 [main] INFO  streams.Main - 9
21:32:44.501 [main] INFO  streams.Main - 2
21:32:44.501 [main] INFO  streams.Main - 7
21:32:44.501 [main] INFO  streams.Main - 3
21:32:44.501 [main] INFO  streams.Main - 5
21:32:44.502 [main] INFO  streams.Main - number of distinct elements in list 9
21:32:44.502 [main] INFO  streams.Main - Limited objects onside list [1, 8, 6, 4]
21:32:44.503 [main] INFO  streams.Main - 1
21:32:44.505 [main] INFO  streams.Main - 9
21:32:44.505 [main] INFO  streams.Main - lsdspww3332d2
21:32:44.507 [main] INFO  streams.Main - 72
21:33:09.633 [main] INFO  streams.Main - Lela
21:33:09.636 [main] INFO  streams.Main - Irakli
21:33:09.636 [main] INFO  streams.Main - Shio
21:33:09.637 [main] INFO  streams.Main - Lela
21:33:09.637 [main] INFO  streams.Main - Irakli
21:33:09.637 [main] INFO  streams.Main - Shio
21:33:09.638 [main] INFO  streams.Main - Irakli
21:33:09.638 [main] INFO  streams.Main - Shio
21:33:09.640 [main] INFO  streams.Main - 24
21:33:09.640 [main] INFO  streams.Main - 26
21:33:09.641 [main] INFO  streams.Main - [LELA, IRAKLI]
21:33:09.642 [main] INFO  streams.Main - [15, 24, 27, 9, 21, 15]
21:33:09.643 [main] INFO  streams.Main - [1, 2, 3, 4, 5, 1, 3, 2, 2]
21:33:09.645 [main] INFO  streams.Main - 1
21:33:09.645 [main] INFO  streams.Main - 8
21:33:09.645 [main] INFO  streams.Main - 6
21:33:09.645 [main] INFO  streams.Main - 4
21:33:09.645 [main] INFO  streams.Main - 9
21:33:09.645 [main] INFO  streams.Main - 2
21:33:09.646 [main] INFO  streams.Main - 7
21:33:09.646 [main] INFO  streams.Main - 3
21:33:09.646 [main] INFO  streams.Main - 5
21:33:09.646 [main] INFO  streams.Main - number of distinct elements in list 9
21:33:09.647 [main] INFO  streams.Main - Limited objects onside list [1, 8, 6, 4]
21:33:09.648 [main] INFO  streams.Main - 1
21:33:09.649 [main] INFO  streams.Main - 9
21:33:09.650 [main] INFO  streams.Main - 2d3332pwwlsds
21:33:09.652 [main] INFO  streams.Main - 72
10:47:26.189 [main] INFO  streams.Main - Lela
10:47:26.193 [main] INFO  streams.Main - Irakli
10:47:26.194 [main] INFO  streams.Main - Shio
10:47:26.194 [main] INFO  streams.Main - Lela
10:47:26.195 [main] INFO  streams.Main - Irakli
10:47:26.195 [main] INFO  streams.Main - Shio
10:47:26.196 [main] INFO  streams.Main - Irakli
10:47:26.196 [main] INFO  streams.Main - Shio
10:47:26.197 [main] INFO  streams.Main - 24
10:47:26.197 [main] INFO  streams.Main - 26
10:47:26.198 [main] INFO  streams.Main - [LELA, IRAKLI]
10:47:26.198 [main] INFO  streams.Main - [15, 24, 27, 9, 21, 15]
10:47:26.199 [main] INFO  streams.Main - [1, 2, 3, 4, 5, 1, 3, 2, 2]
10:47:26.200 [main] INFO  streams.Main - 1
10:47:26.200 [main] INFO  streams.Main - 8
10:47:26.200 [main] INFO  streams.Main - 6
10:47:26.201 [main] INFO  streams.Main - 4
10:47:26.201 [main] INFO  streams.Main - 9
10:47:26.201 [main] INFO  streams.Main - 2
10:47:26.201 [main] INFO  streams.Main - 7
10:47:26.201 [main] INFO  streams.Main - 3
10:47:26.201 [main] INFO  streams.Main - 5
10:47:26.201 [main] INFO  streams.Main - number of distinct elements in list 9
10:47:26.202 [main] INFO  streams.Main - Limited objects onside list [1, 8, 6, 4]
10:47:26.203 [main] INFO  streams.Main - 1
10:47:26.204 [main] INFO  streams.Main - 9
10:47:26.205 [main] INFO  streams.Main - 2d3332pwwlsds
10:47:26.206 [main] INFO  streams.Main - 72
20:19:46.039 [main] INFO  streams.Main - Lela
20:19:46.043 [main] INFO  streams.Main - Irakli
20:19:46.044 [main] INFO  streams.Main - Shio
20:19:46.046 [main] INFO  streams.Main - Lela
20:19:46.046 [main] INFO  streams.Main - Irakli
20:19:46.047 [main] INFO  streams.Main - Shio
20:19:46.048 [main] INFO  streams.Main - Irakli
20:19:46.048 [main] INFO  streams.Main - Shio
20:19:46.049 [main] INFO  streams.Main - 24
20:19:46.050 [main] INFO  streams.Main - 26
20:19:46.050 [main] INFO  streams.Main - [LELA, IRAKLI]
20:19:46.051 [main] INFO  streams.Main - [15, 24, 27, 9, 21, 15]
20:19:46.054 [main] INFO  streams.Main - [1, 2, 3, 4, 5, 1, 3, 2, 2]
20:19:46.055 [main] INFO  streams.Main - 1
20:19:46.056 [main] INFO  streams.Main - 8
20:19:46.056 [main] INFO  streams.Main - 6
20:19:46.056 [main] INFO  streams.Main - 4
20:19:46.056 [main] INFO  streams.Main - 9
20:19:46.057 [main] INFO  streams.Main - 2
20:19:46.057 [main] INFO  streams.Main - 7
20:19:46.057 [main] INFO  streams.Main - 3
20:19:46.057 [main] INFO  streams.Main - 5
20:19:46.058 [main] INFO  streams.Main - number of distinct elements in list 9
20:19:46.060 [main] INFO  streams.Main - Limited objects onside list [1, 8, 6, 4]
20:19:46.061 [main] INFO  streams.Main - 1
20:19:46.062 [main] INFO  streams.Main - 9
20:19:46.062 [main] INFO  streams.Main - 2d3332pwwlsds
20:19:46.064 [main] INFO  streams.Main - 72
20:19:48.995 [main] INFO  streams.Main - Lela
20:19:48.998 [main] INFO  streams.Main - Irakli
20:19:48.998 [main] INFO  streams.Main - Shio
20:19:48.999 [main] INFO  streams.Main - Lela
20:19:49.000 [main] INFO  streams.Main - Irakli
20:19:49.000 [main] INFO  streams.Main - Shio
20:19:49.001 [main] INFO  streams.Main - Irakli
20:19:49.001 [main] INFO  streams.Main - Shio
20:19:49.003 [main] INFO  streams.Main - 24
20:19:49.003 [main] INFO  streams.Main - 26
20:19:49.005 [main] INFO  streams.Main - [LELA, IRAKLI]
20:19:49.005 [main] INFO  streams.Main - [15, 24, 27, 9, 21, 15]
20:19:49.006 [main] INFO  streams.Main - [1, 2, 3, 4, 5, 1, 3, 2, 2]
20:19:49.007 [main] INFO  streams.Main - 1
20:19:49.008 [main] INFO  streams.Main - 8
20:19:49.008 [main] INFO  streams.Main - 6
20:19:49.008 [main] INFO  streams.Main - 4
20:19:49.008 [main] INFO  streams.Main - 9
20:19:49.008 [main] INFO  streams.Main - 2
20:19:49.008 [main] INFO  streams.Main - 7
20:19:49.008 [main] INFO  streams.Main - 3
20:19:49.008 [main] INFO  streams.Main - 5
20:19:49.009 [main] INFO  streams.Main - number of distinct elements in list 9
20:19:49.010 [main] INFO  streams.Main - Limited objects onside list [1, 8, 6, 4]
20:19:49.011 [main] INFO  streams.Main - 1
20:19:49.012 [main] INFO  streams.Main - 9
20:19:49.013 [main] INFO  streams.Main - 2d3332pwwlsds
20:19:49.015 [main] INFO  streams.Main - 72
20:19:51.599 [main] INFO  streams.Main - Lela
20:19:51.603 [main] INFO  streams.Main - Irakli
20:19:51.603 [main] INFO  streams.Main - Shio
20:19:51.604 [main] INFO  streams.Main - Lela
20:19:51.605 [main] INFO  streams.Main - Irakli
20:19:51.605 [main] INFO  streams.Main - Shio
20:19:51.606 [main] INFO  streams.Main - Irakli
20:19:51.607 [main] INFO  streams.Main - Shio
20:19:51.609 [main] INFO  streams.Main - 24
20:19:51.609 [main] INFO  streams.Main - 26
20:19:51.610 [main] INFO  streams.Main - [LELA, IRAKLI]
20:19:51.611 [main] INFO  streams.Main - [15, 24, 27, 9, 21, 15]
20:19:51.613 [main] INFO  streams.Main - [1, 2, 3, 4, 5, 1, 3, 2, 2]
20:19:51.614 [main] INFO  streams.Main - 1
20:19:51.615 [main] INFO  streams.Main - 8
20:19:51.615 [main] INFO  streams.Main - 6
20:19:51.615 [main] INFO  streams.Main - 4
20:19:51.616 [main] INFO  streams.Main - 9
20:19:51.616 [main] INFO  streams.Main - 2
20:19:51.617 [main] INFO  streams.Main - 7
20:19:51.617 [main] INFO  streams.Main - 3
20:19:51.617 [main] INFO  streams.Main - 5
20:19:51.618 [main] INFO  streams.Main - number of distinct elements in list 9
20:19:51.618 [main] INFO  streams.Main - Limited objects onside list [1, 8, 6, 4]
20:19:51.620 [main] INFO  streams.Main - 1
20:19:51.621 [main] INFO  streams.Main - 9
20:19:51.622 [main] INFO  streams.Main - 2d3332pwwlsds
20:19:51.625 [main] INFO  streams.Main - 72
20:53:55.505 [main] INFO  streams.Main - Lela
20:53:55.509 [main] INFO  streams.Main - Irakli
20:53:55.509 [main] INFO  streams.Main - Shio
20:53:55.510 [main] INFO  streams.Main - Lela
20:53:55.510 [main] INFO  streams.Main - Irakli
20:53:55.510 [main] INFO  streams.Main - Shio
20:53:55.511 [main] INFO  streams.Main - Irakli
20:53:55.512 [main] INFO  streams.Main - Shio
20:53:55.514 [main] INFO  streams.Main - 24
20:53:55.514 [main] INFO  streams.Main - 26
20:53:55.515 [main] INFO  streams.Main - [LELA, IRAKLI]
20:53:55.516 [main] INFO  streams.Main - [15, 24, 27, 9, 21, 15]
20:53:55.517 [main] INFO  streams.Main - [1, 2, 3, 4, 5, 1, 3, 2, 2]
20:53:55.519 [main] INFO  streams.Main - 1
20:53:55.519 [main] INFO  streams.Main - 8
20:53:55.519 [main] INFO  streams.Main - 6
20:53:55.519 [main] INFO  streams.Main - 4
20:53:55.519 [main] INFO  streams.Main - 9
20:53:55.520 [main] INFO  streams.Main - 2
20:53:55.520 [main] INFO  streams.Main - 7
20:53:55.521 [main] INFO  streams.Main - 3
20:53:55.521 [main] INFO  streams.Main - 5
20:53:55.522 [main] INFO  streams.Main - number of distinct elements in list 9
20:53:55.523 [main] INFO  streams.Main - Limited objects onside list [1, 8, 6, 4]
20:53:55.524 [main] INFO  streams.Main - 1
20:53:55.525 [main] INFO  streams.Main - 9
20:53:55.526 [main] INFO  streams.Main - 2d3332pwwlsds
20:53:55.528 [main] INFO  streams.Main - 72
11:02:46.078 [main] INFO  streams.Main - Lela
11:02:46.081 [main] INFO  streams.Main - Irakli
11:02:46.081 [main] INFO  streams.Main - Shio
11:02:46.082 [main] INFO  streams.Main - Lela
11:02:46.082 [main] INFO  streams.Main - Irakli
11:02:46.083 [main] INFO  streams.Main - Shio
11:02:46.084 [main] INFO  streams.Main - Irakli
11:02:46.084 [main] INFO  streams.Main - Shio
11:02:46.085 [main] INFO  streams.Main - 24
11:02:46.085 [main] INFO  streams.Main - 26
11:02:46.086 [main] INFO  streams.Main - [LELA, IRAKLI]
11:02:46.087 [main] INFO  streams.Main - [15, 24, 27, 9, 21, 15]
11:02:46.089 [main] INFO  streams.Main - [1, 2, 3, 4, 5, 1, 3, 2, 2]
11:02:46.090 [main] INFO  streams.Main - 1
11:02:46.091 [main] INFO  streams.Main - 8
11:02:46.091 [main] INFO  streams.Main - 6
11:02:46.091 [main] INFO  streams.Main - 4
11:02:46.091 [main] INFO  streams.Main - 9
11:02:46.091 [main] INFO  streams.Main - 2
11:02:46.091 [main] INFO  streams.Main - 7
11:02:46.091 [main] INFO  streams.Main - 3
11:02:46.091 [main] INFO  streams.Main - 5
11:02:46.092 [main] INFO  streams.Main - number of distinct elements in list 9
11:02:46.093 [main] INFO  streams.Main - Limited objects onside list [1, 8, 6, 4]
11:02:46.094 [main] INFO  streams.Main - 1
11:02:46.095 [main] INFO  streams.Main - 9
11:02:46.096 [main] INFO  streams.Main - 2d3332pwwlsds
11:02:46.098 [main] INFO  streams.Main - 72
10:00:01.738 [main] INFO  streams.Main - Lela
10:00:01.742 [main] INFO  streams.Main - Irakli
10:00:01.742 [main] INFO  streams.Main - Shio
10:00:01.743 [main] INFO  streams.Main - Lela
10:00:01.744 [main] INFO  streams.Main - Irakli
10:00:01.744 [main] INFO  streams.Main - Shio
10:00:01.745 [main] INFO  streams.Main - Irakli
10:00:01.746 [main] INFO  streams.Main - Shio
10:00:01.748 [main] INFO  streams.Main - 24
10:00:01.748 [main] INFO  streams.Main - 26
10:00:01.749 [main] INFO  streams.Main - [LELA, IRAKLI]
10:00:01.751 [main] INFO  streams.Main - [15, 24, 27, 9, 21, 15]
10:00:01.753 [main] INFO  streams.Main - [1, 2, 3, 4, 5, 1, 3, 2, 2]
10:00:01.754 [main] INFO  streams.Main - 1
10:00:01.755 [main] INFO  streams.Main - 8
10:00:01.755 [main] INFO  streams.Main - 6
10:00:01.755 [main] INFO  streams.Main - 4
10:00:01.755 [main] INFO  streams.Main - 9
10:00:01.755 [main] INFO  streams.Main - 2
10:00:01.756 [main] INFO  streams.Main - 7
10:00:01.756 [main] INFO  streams.Main - 3
10:00:01.756 [main] INFO  streams.Main - 5
10:00:01.757 [main] INFO  streams.Main - number of distinct elements in list 9
10:00:01.758 [main] INFO  streams.Main - Limited objects onside list [1, 8, 6, 4]
10:00:01.760 [main] INFO  streams.Main - 1
10:00:01.762 [main] INFO  streams.Main - 9
10:00:01.763 [main] INFO  streams.Main - 2d3332pwwlsds
10:00:01.764 [main] INFO  streams.Main - 72
10:04:13.094 [main] INFO  streams.Main - Lela
10:04:13.097 [main] INFO  streams.Main - Irakli
10:04:13.097 [main] INFO  streams.Main - Shio
10:04:13.098 [main] INFO  streams.Main - Irakli
10:04:13.099 [main] INFO  streams.Main - Shio
10:04:13.101 [main] INFO  streams.Main - 24
10:04:13.101 [main] INFO  streams.Main - 26
10:04:13.102 [main] INFO  streams.Main - [LELA, IRAKLI]
10:04:13.103 [main] INFO  streams.Main - [15, 24, 27, 9, 21, 15]
10:04:13.105 [main] INFO  streams.Main - [1, 2, 3, 4, 5, 1, 3, 2, 2]
10:04:13.106 [main] INFO  streams.Main - 1
10:04:13.106 [main] INFO  streams.Main - 8
10:04:13.107 [main] INFO  streams.Main - 6
10:04:13.107 [main] INFO  streams.Main - 4
10:04:13.107 [main] INFO  streams.Main - 9
10:04:13.107 [main] INFO  streams.Main - 2
10:04:13.107 [main] INFO  streams.Main - 7
10:04:13.107 [main] INFO  streams.Main - 3
10:04:13.107 [main] INFO  streams.Main - 5
10:04:13.108 [main] INFO  streams.Main - number of distinct elements in list 9
10:04:13.109 [main] INFO  streams.Main - Limited objects onside list [1, 8, 6, 4]
10:04:13.110 [main] INFO  streams.Main - 1
10:04:13.111 [main] INFO  streams.Main - 9
10:04:13.112 [main] INFO  streams.Main - 2d3332pwwlsds
10:04:13.114 [main] INFO  streams.Main - 72
10:05:32.967 [main] INFO  streams.Main - Lela
10:05:32.973 [main] INFO  streams.Main - Irakli
10:05:32.974 [main] INFO  streams.Main - Shio
10:05:32.977 [main] INFO  streams.Main - Irakli
10:05:32.978 [main] INFO  streams.Main - Shio
10:05:32.981 [main] INFO  streams.Main - 24
10:05:32.982 [main] INFO  streams.Main - 26
10:05:32.985 [main] INFO  streams.Main - [LELA, IRAKLI]
10:05:32.991 [main] INFO  streams.Main - [15, 24, 27, 9, 21, 15]
10:05:32.994 [main] INFO  streams.Main - [1, 2, 3, 4, 5, 1, 3, 2, 2]
10:05:32.998 [main] INFO  streams.Main - 1
10:05:32.999 [main] INFO  streams.Main - 8
10:05:33.002 [main] INFO  streams.Main - 6
10:05:33.003 [main] INFO  streams.Main - 4
10:05:33.003 [main] INFO  streams.Main - 9
10:05:33.003 [main] INFO  streams.Main - 2
10:05:33.004 [main] INFO  streams.Main - 7
10:05:33.005 [main] INFO  streams.Main - 3
10:05:33.005 [main] INFO  streams.Main - 5
10:05:33.007 [main] INFO  streams.Main - number of distinct elements in list 9
10:05:33.009 [main] INFO  streams.Main - Limited objects onside list [1, 8, 6, 4]
10:05:33.015 [main] INFO  streams.Main - 1
10:05:33.017 [main] INFO  streams.Main - 9
10:05:33.020 [main] INFO  streams.Main - 2d3332pwwlsds
10:05:33.024 [main] INFO  streams.Main - 72
10:14:28.279 [main] INFO  streams.Main - Lela
10:14:28.284 [main] INFO  streams.Main - Irakli
10:14:28.285 [main] INFO  streams.Main - Shio
10:14:28.286 [main] INFO  streams.Main - Irakli
10:14:28.287 [main] INFO  streams.Main - Shio
10:14:28.289 [main] INFO  streams.Main - 24
10:14:28.290 [main] INFO  streams.Main - 26
10:14:28.292 [main] INFO  streams.Main - [LELA, IRAKLI]
10:14:28.294 [main] INFO  streams.Main - [15, 24, 27, 9, 21, 15]
10:14:28.297 [main] INFO  streams.Main - [4, 5, 7, 9, 8]
10:14:28.299 [main] INFO  streams.Main - 1
10:14:28.300 [main] INFO  streams.Main - 8
10:14:28.300 [main] INFO  streams.Main - 6
10:14:28.300 [main] INFO  streams.Main - 4
10:14:28.301 [main] INFO  streams.Main - 9
10:14:28.301 [main] INFO  streams.Main - 2
10:14:28.301 [main] INFO  streams.Main - 7
10:14:28.302 [main] INFO  streams.Main - 3
10:14:28.302 [main] INFO  streams.Main - 5
10:14:28.303 [main] INFO  streams.Main - number of distinct elements in list 9
10:14:28.304 [main] INFO  streams.Main - Limited objects onside list [1, 8, 6, 4]
10:14:28.307 [main] INFO  streams.Main - 1
10:14:28.309 [main] INFO  streams.Main - 9
10:14:28.312 [main] INFO  streams.Main - 2d3332pwwlsds
10:14:28.314 [main] INFO  streams.Main - 72
10:16:56.434 [main] INFO  streams.Main - Lela
10:16:56.438 [main] INFO  streams.Main - Irakli
10:16:56.439 [main] INFO  streams.Main - Shio
10:16:56.440 [main] INFO  streams.Main - Irakli
10:16:56.440 [main] INFO  streams.Main - Shio
10:16:56.442 [main] INFO  streams.Main - 24
10:16:56.442 [main] INFO  streams.Main - 26
10:16:56.444 [main] INFO  streams.Main - [LELA, IRAKLI]
10:16:56.445 [main] INFO  streams.Main - [15, 24, 27, 9, 21, 15]
10:16:56.447 [main] INFO  streams.Main - [4, 5, 7, 9, 8]
10:16:56.448 [main] INFO  streams.Main - [1, 8, 6, 4, 9, 2, 7, 3, 5]
10:16:56.449 [main] INFO  streams.Main - number of distinct elements in list 9
10:16:56.451 [main] INFO  streams.Main - Limited objects onside list [1, 8, 6, 4]
10:16:56.453 [main] INFO  streams.Main - 1
10:16:56.455 [main] INFO  streams.Main - 9
10:16:56.457 [main] INFO  streams.Main - 2d3332pwwlsds
10:16:56.461 [main] INFO  streams.Main - 72
10:17:41.733 [main] INFO  streams.Main - Lela
10:17:41.736 [main] INFO  streams.Main - Irakli
10:17:41.737 [main] INFO  streams.Main - Shio
10:17:41.739 [main] INFO  streams.Main - Irakli
10:17:41.739 [main] INFO  streams.Main - Shio
10:17:41.742 [main] INFO  streams.Main - 24
10:17:41.743 [main] INFO  streams.Main - 26
10:17:41.745 [main] INFO  streams.Main - [LELA, IRAKLI]
10:17:41.746 [main] INFO  streams.Main - [15, 24, 27, 9, 21, 15]
10:17:41.749 [main] INFO  streams.Main - [4, 5, 7, 9, 8]
10:17:41.751 [main] INFO  streams.Main - dustinct numbers in "nums" list are [1, 8, 6, 4, 9, 2, 7, 3, 5]
10:17:41.752 [main] INFO  streams.Main - number of distinct elements in list 9
10:17:41.753 [main] INFO  streams.Main - Limited objects onside list [1, 8, 6, 4]
10:17:41.755 [main] INFO  streams.Main - 1
10:17:41.757 [main] INFO  streams.Main - 9
10:17:41.759 [main] INFO  streams.Main - 2d3332pwwlsds
10:17:41.761 [main] INFO  streams.Main - 72
10:18:50.669 [main] INFO  streams.Main - Lela
10:18:50.673 [main] INFO  streams.Main - Irakli
10:18:50.673 [main] INFO  streams.Main - Shio
10:18:50.675 [main] INFO  streams.Main - Irakli
10:18:50.676 [main] INFO  streams.Main - Shio
10:18:50.678 [main] INFO  streams.Main - 24
10:18:50.679 [main] INFO  streams.Main - 26
10:18:50.681 [main] INFO  streams.Main - [LELA, IRAKLI]
10:18:50.682 [main] INFO  streams.Main - [15, 24, 27, 9, 21, 15]
10:18:50.685 [main] INFO  streams.Main - [4, 5, 7, 9, 8]
10:18:50.686 [main] INFO  streams.Main - dustinct numbers in "nums" list are [1, 8, 6, 4, 9, 2, 7, 3, 5]
10:18:50.688 [main] INFO  streams.Main - number of distinct elements in list 9
10:18:50.689 [main] INFO  streams.Main - Limited objects onside list [1, 8, 6, 4]
10:18:50.691 [main] INFO  streams.Main - 1
10:18:50.693 [main] INFO  streams.Main - 9
10:18:50.694 [main] INFO  streams.Main - 2d3332pwwlsds
10:18:50.697 [main] INFO  streams.Main - 72
10:22:25.029 [main] INFO  streams.Main - Lela
10:22:25.033 [main] INFO  streams.Main - Irakli
10:22:25.034 [main] INFO  streams.Main - Shio
10:22:25.035 [main] INFO  streams.Main - Irakli
10:22:25.036 [main] INFO  streams.Main - Shio
10:22:25.038 [main] INFO  streams.Main - 24
10:22:25.039 [main] INFO  streams.Main - 26
10:22:25.040 [main] INFO  streams.Main - [LELA, IRAKLI]
10:22:25.042 [main] INFO  streams.Main - [15, 24, 27, 9, 21, 15]
10:22:25.044 [main] INFO  streams.Main - [4, 5, 7, 9, 8]
10:22:25.045 [main] INFO  streams.Main - Distinct numbers in "nums" list are: [1, 8, 6, 4, 9, 2, 7, 3, 5]
10:22:25.047 [main] INFO  streams.Main - number of distinct elements in list is: 9
10:22:25.048 [main] INFO  streams.Main - Limited objects inside list are: [1, 8, 6, 4]
10:22:25.050 [main] INFO  streams.Main - 1
10:22:25.053 [main] INFO  streams.Main - 9
10:22:25.055 [main] INFO  streams.Main - 2d3332pwwlsds
10:22:25.058 [main] INFO  streams.Main - 72
10:26:50.238 [main] INFO  streams.Main - Lela
10:26:50.242 [main] INFO  streams.Main - Irakli
10:26:50.242 [main] INFO  streams.Main - Shio
10:26:50.244 [main] INFO  streams.Main - Irakli
10:26:50.245 [main] INFO  streams.Main - Shio
10:26:50.247 [main] INFO  streams.Main - 24
10:26:50.248 [main] INFO  streams.Main - 26
10:26:50.250 [main] INFO  streams.Main - [LELA, IRAKLI]
10:26:50.251 [main] INFO  streams.Main - [15, 24, 27, 9, 21, 15]
10:26:50.254 [main] INFO  streams.Main - [4, 5, 7, 9, 8]
10:26:50.255 [main] INFO  streams.Main - Distinct numbers in "nums" list are: [1, 8, 6, 4, 9, 2, 7, 3, 5]
10:26:50.256 [main] INFO  streams.Main - number of distinct elements in list is: 9
10:26:50.258 [main] INFO  streams.Main - Limited objects inside list are: [1, 8, 6, 4]
10:26:50.261 [main] INFO  streams.Main - min value in "nums" is: 1
10:26:50.263 [main] INFO  streams.Main - 9
10:26:50.265 [main] INFO  streams.Main - 2d3332pwwlsds
10:26:50.270 [main] INFO  streams.Main - 72
10:27:09.574 [main] INFO  streams.Main - Lela
10:27:09.578 [main] INFO  streams.Main - Irakli
10:27:09.578 [main] INFO  streams.Main - Shio
10:27:09.580 [main] INFO  streams.Main - Irakli
10:27:09.581 [main] INFO  streams.Main - Shio
10:27:09.583 [main] INFO  streams.Main - 24
10:27:09.584 [main] INFO  streams.Main - 26
10:27:09.585 [main] INFO  streams.Main - [LELA, IRAKLI]
10:27:09.587 [main] INFO  streams.Main - [15, 24, 27, 9, 21, 15]
10:27:09.589 [main] INFO  streams.Main - [4, 5, 7, 9, 8]
10:27:09.590 [main] INFO  streams.Main - Distinct numbers in "nums" list are: [1, 8, 6, 4, 9, 2, 7, 3, 5]
10:27:09.591 [main] INFO  streams.Main - number of distinct elements in list is: 9
10:27:09.593 [main] INFO  streams.Main - Limited objects inside list are: [1, 8, 6, 4]
10:27:09.594 [main] INFO  streams.Main - min value in "nums" is: 1
10:27:09.596 [main] INFO  streams.Main - max value in "nums" is: 9
10:27:09.597 [main] INFO  streams.Main - 2d3332pwwlsds
10:27:09.600 [main] INFO  streams.Main - 72
10:32:05.376 [main] INFO  streams.Main - Lela
10:32:05.380 [main] INFO  streams.Main - Irakli
10:32:05.380 [main] INFO  streams.Main - Shio
10:32:05.382 [main] INFO  streams.Main - Irakli
10:32:05.383 [main] INFO  streams.Main - Shio
10:32:05.386 [main] INFO  streams.Main - 24
10:32:05.386 [main] INFO  streams.Main - 26
10:32:05.389 [main] INFO  streams.Main - [LELA, IRAKLI]
10:32:05.390 [main] INFO  streams.Main - [15, 24, 27, 9, 21, 15]
10:32:05.393 [main] INFO  streams.Main - [4, 5, 7, 9, 8]
10:32:05.395 [main] INFO  streams.Main - Distinct numbers in "nums" list are: [1, 8, 6, 4, 9, 2, 7, 3, 5]
10:32:05.396 [main] INFO  streams.Main - number of distinct elements in list is: 9
10:32:05.398 [main] INFO  streams.Main - Limited objects inside list are: [1, 8, 6, 4]
10:32:05.400 [main] INFO  streams.Main - min value in "nums" is: 1
10:32:05.403 [main] INFO  streams.Main - max value in "nums" is: 9
10:32:05.405 [main] INFO  streams.Main - reduced value of List "symbols" is: wehaveone weird man hereinthetrain
10:32:05.408 [main] INFO  streams.Main - 72
10:32:25.718 [main] INFO  streams.Main - Lela
10:32:25.723 [main] INFO  streams.Main - Irakli
10:32:25.723 [main] INFO  streams.Main - Shio
10:32:25.725 [main] INFO  streams.Main - Irakli
10:32:25.725 [main] INFO  streams.Main - Shio
10:32:25.728 [main] INFO  streams.Main - 24
10:32:25.729 [main] INFO  streams.Main - 26
10:32:25.731 [main] INFO  streams.Main - [LELA, IRAKLI]
10:32:25.732 [main] INFO  streams.Main - [15, 24, 27, 9, 21, 15]
10:32:25.735 [main] INFO  streams.Main - [4, 5, 7, 9, 8]
10:32:25.736 [main] INFO  streams.Main - Distinct numbers in "nums" list are: [1, 8, 6, 4, 9, 2, 7, 3, 5]
10:32:25.738 [main] INFO  streams.Main - number of distinct elements in list is: 9
10:32:25.740 [main] INFO  streams.Main - Limited objects inside list are: [1, 8, 6, 4]
10:32:25.742 [main] INFO  streams.Main - min value in "nums" is: 1
10:32:25.744 [main] INFO  streams.Main - max value in "nums" is: 9
10:32:25.746 [main] INFO  streams.Main - reduced value of List "symbols" is: we have one  weird  man  here in the train
10:32:25.749 [main] INFO  streams.Main - 72
10:32:30.580 [main] INFO  streams.Main - Lela
10:32:30.585 [main] INFO  streams.Main - Irakli
10:32:30.586 [main] INFO  streams.Main - Shio
10:32:30.588 [main] INFO  streams.Main - Irakli
10:32:30.589 [main] INFO  streams.Main - Shio
10:32:30.592 [main] INFO  streams.Main - 24
10:32:30.592 [main] INFO  streams.Main - 26
10:32:30.595 [main] INFO  streams.Main - [LELA, IRAKLI]
10:32:30.597 [main] INFO  streams.Main - [15, 24, 27, 9, 21, 15]
10:32:30.600 [main] INFO  streams.Main - [4, 5, 7, 9, 8]
10:32:30.602 [main] INFO  streams.Main - Distinct numbers in "nums" list are: [1, 8, 6, 4, 9, 2, 7, 3, 5]
10:32:30.603 [main] INFO  streams.Main - number of distinct elements in list is: 9
10:32:30.605 [main] INFO  streams.Main - Limited objects inside list are: [1, 8, 6, 4]
10:32:30.607 [main] INFO  streams.Main - min value in "nums" is: 1
10:32:30.609 [main] INFO  streams.Main - max value in "nums" is: 9
10:32:30.611 [main] INFO  streams.Main - reduced value of List "symbols" is: we have one  weird  man  here in the train
10:32:30.615 [main] INFO  streams.Main - 72
10:38:16.368 [main] INFO  streams.Main - Lela
10:38:16.373 [main] INFO  streams.Main - Irakli
10:38:16.373 [main] INFO  streams.Main - Shio
10:38:16.374 [main] INFO  streams.Main - Irakli
10:38:16.374 [main] INFO  streams.Main - Shio
10:38:16.376 [main] INFO  streams.Main - 24
10:38:16.376 [main] INFO  streams.Main - 26
10:38:16.377 [main] INFO  streams.Main - [LELA, IRAKLI]
10:38:16.378 [main] INFO  streams.Main - [15, 24, 27, 9, 21, 15]
10:38:16.379 [main] INFO  streams.Main - [4, 5, 7, 9, 8]
10:38:16.380 [main] INFO  streams.Main - Distinct numbers in "nums" list are: [1, 8, 6, 4, 9, 2, 7, 3, 5]
10:38:16.381 [main] INFO  streams.Main - number of distinct elements in list is: 9
10:38:16.381 [main] INFO  streams.Main - Limited objects inside list are: [1, 8, 6, 4]
10:38:16.383 [main] INFO  streams.Main - min value in "nums" is: 1
10:38:16.384 [main] INFO  streams.Main - max value in "nums" is: 9
10:38:16.384 [main] INFO  streams.Main - reduced value of List "symbols" is: we have one  weird  man  here in the train
10:38:16.386 [main] INFO  streams.Main - sum of the ages is: 72
10:43:01.070 [main] INFO  streams.Main - Lela
10:43:01.074 [main] INFO  streams.Main - Irakli
10:43:01.075 [main] INFO  streams.Main - Shio
10:43:01.076 [main] INFO  streams.Main - Irakli
10:43:01.077 [main] INFO  streams.Main - Shio
10:43:01.079 [main] INFO  streams.Main - 24
10:43:01.080 [main] INFO  streams.Main - 26
10:43:01.082 [main] INFO  streams.Main - [LELA, IRAKLI]
10:43:01.084 [main] INFO  streams.Main - [15, 24, 27, 9, 21, 15]
10:43:01.086 [main] INFO  streams.Main - [4, 5, 7, 9, 8]
10:43:01.088 [main] INFO  streams.Main - Distinct numbers in "nums" list are: [1, 8, 6, 4, 9, 2, 7, 3, 5]
10:43:01.089 [main] INFO  streams.Main - number of distinct elements in list is: 9
10:43:01.091 [main] INFO  streams.Main - Limited objects inside list are: [1, 8, 6, 4]
10:43:01.093 [main] INFO  streams.Main - min value in "nums" is: 1
10:43:01.096 [main] INFO  streams.Main - max value in "nums" is: 9
10:43:01.097 [main] DEBUG streams.Main - reduced value of List "symbols" is: we have one  weird  man  here in the train
10:43:01.101 [main] INFO  streams.Main - sum of the ages is: 72
